12:58:57.039 [main                     ] DEBUG Logger               - Configured Logger
12:58:57.055 [main                     ] DEBUG GameApplication      - Logging settings
Title: Covid Fighter
Version: 0.0.5
Width: 480
Height: 480
Fullscreen: false
Intro: false
Profiling: false
Single step:false
App Mode: RELEASE
Menu Key: ESCAPE
Stage Style: DECORATED
Scene Factory: class com.almasb.fxglgames.covidfighter.CovidFighterApp$MySceneFactory

12:58:57.512 [JavaFX Application Thread] DEBUG FXGLApplication      - Initializing FXGL
12:58:57.513 [JavaFX Application Thread] INFO  Engine               - FXGL-11.14 (01.03.2021 16.59) on WINDOWS (J:11.0.9.1 FX:15)
12:58:57.513 [JavaFX Application Thread] DEBUG Engine               - JRE Vendor Name: AdoptOpenJDK
12:58:57.514 [JavaFX Application Thread] DEBUG Engine               - Running on OS: Windows 10 version 10.0
12:58:57.514 [JavaFX Application Thread] DEBUG Engine               - Architecture: amd64
12:58:57.514 [JavaFX Application Thread] INFO  Engine               - Source code and latest versions at: https://github.com/AlmasB/FXGL
12:58:57.514 [JavaFX Application Thread] INFO  Engine               -              Join the FXGL chat at: https://gitter.im/AlmasB/FXGL
12:58:57.637 [JavaFX Application Thread] DEBUG PrimaryStageWindow   - Creating a JavaFX scene
12:58:57.708 [JavaFX Application Thread] DEBUG PrimaryStageWindow   - Target settings size: 480.0 x 480.0
12:58:57.709 [JavaFX Application Thread] DEBUG PrimaryStageWindow   - Scaled scene size:    480.0 x 480.0
12:58:57.709 [JavaFX Application Thread] DEBUG PrimaryStageWindow   - Scaled ratio: (1.0, 1.0)
12:58:57.710 [JavaFX Application Thread] DEBUG PrimaryStageWindow   - Set initial scene to FXGLStartupScene
12:58:57.716 [JavaFX Application Thread] DEBUG PrimaryStageWindow   - Opening main window
12:58:57.818 [JavaFX Application Thread] DEBUG PrimaryStageWindow   - Window border size: (16.0, 39.0)
12:58:57.818 [JavaFX Application Thread] DEBUG PrimaryStageWindow   - Scaled size: 480.0 x 480.0
12:58:57.818 [JavaFX Application Thread] DEBUG PrimaryStageWindow   - Scaled ratio: (1.0, 1.0)
12:58:57.819 [JavaFX Application Thread] DEBUG PrimaryStageWindow   - Scene size: 480.0 x 480.0
12:58:57.819 [JavaFX Application Thread] DEBUG PrimaryStageWindow   - Stage size: 496.0 x 519.0
12:58:57.826 [FXGL Background Thread 1 ] DEBUG Engine               - Initializing environment variables
12:58:57.874 [FXGL Background Thread 1 ] DEBUG FXGLAssetLoaderServi - User app class for loading assets: class com.almasb.fxglgames.covidfighter.CovidFighterApp
12:58:57.874 [FXGL Background Thread 1 ] DEBUG GameApplicationServi - Applying CSS: fxgl_dark.css
12:58:57.875 [FXGL Background Thread 1 ] DEBUG FXGLAssetLoaderServi - Loading from file system: jar:file:/C:/Users/Zach/.m2/repository/com/github/almasb/fxgl/11.14/fxgl-11.14.jar!/fxglassets/ui/css/fxgl_dark.css
12:58:57.923 [FXGL Background Thread 1 ] DEBUG GameApplicationServi - Initializing application scenes
12:58:57.962 [FXGL Background Thread 1 ] DEBUG GameWorld            - Game world initialized
12:58:58.015 [FXGL Background Thread 1 ] DEBUG PhysicsWorld         - Physics world initialized: appHeight=480, physics.ppm=50.0
12:58:58.016 [FXGL Background Thread 1 ] DEBUG PhysicsWorld         - Using strategy: BRUTE_FORCE
12:58:58.018 [FXGL Background Thread 1 ] DEBUG GameScene            - Game scene initialized: 480x480
12:58:58.037 [FXGL Background Thread 1 ] DEBUG FXGLAssetLoaderServi - Loading from file system: file:/E:/TRUECSPROJECTFOLDER/CS2340_CovidGame/CovidFighter/target/classes/assets/textures/background/titleScreen.png
12:58:58.143 [FXGL Background Thread 1 ] WARN  FXGL.DefaultMenu     - FXGLDefaultMenu is not designed for resolutions < 800x600
12:58:58.164 [FXGL Background Thread 1 ] DEBUG FXGLAssetLoaderServi - Loading from file system: jar:file:/C:/Users/Zach/.m2/repository/com/github/almasb/fxgl/11.14/fxgl-11.14.jar!/fxglassets/textures/particles/trace_horizontal.png
12:58:58.195 [FXGL Background Thread 1 ] DEBUG FXGL.DefaultMenu     - createMenuBodyGameMenu()
12:58:58.210 [FXGL Background Thread 1 ] DEBUG FXGL.DefaultMenu     - createOptionsMenu()
12:58:58.215 [FXGL Background Thread 1 ] DEBUG FXGLAssetLoaderServi - Loading from file system: jar:file:/C:/Users/Zach/.m2/repository/com/github/almasb/fxgl/11.14/fxgl-11.14.jar!/fxglassets/textures/particles/smoke.png
12:58:58.264 [FXGL Background Thread 1 ] DEBUG GameApplicationServi - Application scenes initialized
12:58:58.274 [FXGL Background Thread 1 ] DEBUG SystemBundleService  - Loading FXGL system data
12:58:58.283 [FXGL Background Thread 1 ] DEBUG FileSystemAccess     - Reading from: E:\TRUECSPROJECTFOLDER\CS2340_CovidGame\CovidFighter\system\fxgl.bundle
12:58:58.289 [FXGL Background Thread 1 ] DEBUG SystemBundleService  - Bundle FXGL: {}
12:58:58.292 [FXGL Background Thread 3 ] DEBUG FXGLApplication      - Loading fonts
12:58:58.292 [FXGL Background Thread 1 ] DEBUG FXGLApplication      - Loading default localization
12:58:58.292 [FXGL Background Thread 3 ] DEBUG FXGLAssetLoaderServi - Loading from file system: jar:file:/C:/Users/Zach/.m2/repository/com/github/almasb/fxgl/11.14/fxgl-11.14.jar!/fxglassets/ui/fonts/VarelaRound-Regular.ttf
12:58:58.292 [FXGL Background Thread 1 ] DEBUG FXGLAssetLoaderServi - Loading from file system: jar:file:/C:/Users/Zach/.m2/repository/com/github/almasb/fxgl/11.14/fxgl-11.14.jar!/fxglassets/languages/english.lang
12:58:58.313 [FXGL Background Thread 1 ] INFO  FXGLApplication      - FXGL initialization took: 0.487 sec
12:58:58.325 [JavaFX Application Thread] DEBUG Input                - Registered new binding: Move Left - A
12:58:58.326 [JavaFX Application Thread] DEBUG Input                - Registered new binding: Move Right - D
12:58:58.326 [JavaFX Application Thread] DEBUG Input                - Registered new binding: Move Up - W
12:58:58.326 [JavaFX Application Thread] DEBUG Input                - Registered new binding: Move Down - S
12:58:58.326 [JavaFX Application Thread] DEBUG Input                - Registered new binding: rightShoot - Right
12:58:58.326 [JavaFX Application Thread] DEBUG Input                - Registered new binding: leftShoot - Left
12:58:58.326 [JavaFX Application Thread] DEBUG Input                - Registered new binding: downShoot - Down
12:58:58.327 [JavaFX Application Thread] DEBUG Input                - Registered new binding: upShoot - Up
12:58:58.327 [JavaFX Application Thread] DEBUG Input                - Registered new binding: rightFire - 1
12:58:58.327 [JavaFX Application Thread] DEBUG Input                - Registered new binding: leftFire - 2
12:58:58.327 [JavaFX Application Thread] DEBUG Input                - Registered new binding: downFire - 3
12:58:58.327 [JavaFX Application Thread] DEBUG Input                - Registered new binding: upFire - 4
12:58:58.327 [JavaFX Application Thread] DEBUG FXGLAssetLoaderServi - Loading from file system: file:/E:/TRUECSPROJECTFOLDER/CS2340_CovidGame/CovidFighter/target/classes/assets/music/kujakuNujabesBGM.mp3
12:58:58.534 [JavaFX Application Thread] DEBUG AudioPlayer          - Playing music com.almasb.fxgl.audio.Music@75410ea8
12:58:58.537 [JavaFX Application Thread] DEBUG FXGLAssetLoaderServi - Loading from file system: jar:file:/C:/Users/Zach/.m2/repository/com/github/almasb/fxgl/11.14/fxgl-11.14.jar!/fxglassets/textures/fxgl_icon.png
12:58:58.550 [JavaFX Application Thread] DEBUG FXGLAssetLoaderServi - Loading from file system: jar:file:/C:/Users/Zach/.m2/repository/com/github/almasb/fxgl/11.14/fxgl-11.14.jar!/fxglassets/ui/cursors/fxgl_default.png
12:58:58.552 [JavaFX Application Thread] DEBUG Input                - Registered new binding: Screenshot - P
12:58:58.554 [JavaFX Application Thread] DEBUG LoopRunner           - Starting loop
12:58:58.554 [JavaFX Application Thread] DEBUG LoopRunner           - Initializing JavaFX AnimationTimerLoop
12:58:58.556 [JavaFX Application Thread] DEBUG Input                - Clearing active input actions
12:58:58.561 [JavaFX Application Thread] DEBUG GameApplicationServi - Removing overlay from FXGLStartupScene and adding to FXGLMainMenuDummyScene
12:58:58.562 [JavaFX Application Thread] DEBUG PrimaryStageWindow   - FXGLStartupScene -> FXGLMainMenuDummyScene
12:58:58.562 [JavaFX Application Thread] DEBUG PrimaryStageWindow   - Push state: MyMenu
12:58:58.562 [JavaFX Application Thread] DEBUG Input                - Clearing active input actions
12:58:58.567 [JavaFX Application Thread] DEBUG GameApplicationServi - Removing overlay from FXGLMainMenuDummyScene and adding to MyMenu
12:58:58.568 [JavaFX Application Thread] DEBUG PrimaryStageWindow   - FXGLMainMenuDummyScene -> MyMenu
12:58:58.674 [FXGL Background Thread 3 ] DEBUG FXGLAssetLoaderServi - Loading from file system: jar:file:/C:/Users/Zach/.m2/repository/com/github/almasb/fxgl/11.14/fxgl-11.14.jar!/fxglassets/ui/fonts/Abel-Regular.ttf
12:58:58.676 [FXGL Background Thread 3 ] DEBUG FXGLAssetLoaderServi - Loading from file system: jar:file:/C:/Users/Zach/.m2/repository/com/github/almasb/fxgl/11.14/fxgl-11.14.jar!/fxglassets/ui/fonts/lucida_console.ttf
12:58:58.689 [FXGL Background Thread 3 ] DEBUG FXGLAssetLoaderServi - Loading from file system: jar:file:/C:/Users/Zach/.m2/repository/com/github/almasb/fxgl/11.14/fxgl-11.14.jar!/fxglassets/ui/fonts/Courier-Prime.ttf
12:58:58.693 [JavaFX Application Thread] DEBUG FXGLApplication      - Registering font factories with UI factory
12:59:01.291 [FXGL Background Thread 2 ] DEBUG Engine               - Logging environment variables
12:59:01.292 [FXGL Background Thread 2 ] DEBUG Engine               - achievements: []
12:59:01.292 [FXGL Background Thread 2 ] DEBUG Engine               - actualHeight: 480.0
12:59:01.292 [FXGL Background Thread 2 ] DEBUG Engine               - actualHeightProperty: ReadOnlyDoubleProperty [value: 480.0]
12:59:01.292 [FXGL Background Thread 2 ] DEBUG Engine               - actualWidth: 480.0
12:59:01.292 [FXGL Background Thread 2 ] DEBUG Engine               - actualWidthProperty: ReadOnlyDoubleProperty [value: 480.0]
12:59:01.292 [FXGL Background Thread 2 ] DEBUG Engine               - appIcon: fxgl_icon.png
12:59:01.292 [FXGL Background Thread 2 ] DEBUG Engine               - applicationMode: RELEASE
12:59:01.292 [FXGL Background Thread 2 ] DEBUG Engine               - cSSList: [fxgl_dark.css]
12:59:01.292 [FXGL Background Thread 2 ] DEBUG Engine               - collisionDetectionStrategy: BRUTE_FORCE
12:59:01.292 [FXGL Background Thread 2 ] DEBUG Engine               - configClass: Optional.empty
12:59:01.292 [FXGL Background Thread 2 ] DEBUG Engine               - credits: []
12:59:01.293 [FXGL Background Thread 2 ] DEBUG Engine               - devBBoxColorProperty: ObjectProperty [value: 0xff0000ff]
12:59:01.293 [FXGL Background Thread 2 ] DEBUG Engine               - devEnableDebugCameraProperty: BooleanProperty [value: false]
12:59:01.293 [FXGL Background Thread 2 ] DEBUG Engine               - devSensorColorProperty: ObjectProperty [value: 0xffff00ff]
12:59:01.293 [FXGL Background Thread 2 ] DEBUG Engine               - devShowBBoxProperty: BooleanProperty [value: false]
12:59:01.293 [FXGL Background Thread 2 ] DEBUG Engine               - devShowPositionProperty: BooleanProperty [value: false]
12:59:01.293 [FXGL Background Thread 2 ] DEBUG Engine               - enabledMenuItems: []
12:59:01.293 [FXGL Background Thread 2 ] DEBUG Engine               - engineServices: [class com.almasb.fxgl.app.services.FXGLAssetLoaderService, class com.almasb.fxgl.app.FXGLApplication$GameApplicationService, class com.almasb.fxgl.app.services.FXGLDialogService, class com.almasb.fxgl.app.services.IOTaskExecutorService, class com.almasb.fxgl.event.EventBusService, class com.almasb.fxgl.io.FileSystemService, class com.almasb.fxgl.localization.LocalizationService, class com.almasb.fxgl.app.services.SystemBundleService, class com.almasb.fxgl.profile.SaveLoadService, class com.almasb.fxgl.ui.FXGLUIFactoryServiceProvider, class com.almasb.fxgl.ui.FXGLDialogFactoryServiceProvider, class com.almasb.fxgl.audio.AudioPlayer, class com.almasb.fxgl.notification.impl.NotificationServiceProvider, class com.almasb.fxgl.achievement.AchievementService, class com.almasb.fxgl.cutscene.CutsceneService, class com.almasb.fxgl.minigames.MiniGameService, class com.almasb.fxgl.net.NetService, class com.almasb.fxgl.app.services.UpdaterService, class com.almasb.fxgl.dev.DevService]
12:59:01.293 [FXGL Background Thread 2 ] DEBUG Engine               - fontGame: Abel-Regular.ttf
12:59:01.293 [FXGL Background Thread 2 ] DEBUG Engine               - fontMono: lucida_console.ttf
12:59:01.293 [FXGL Background Thread 2 ] DEBUG Engine               - fontText: Courier-Prime.ttf
12:59:01.293 [FXGL Background Thread 2 ] DEBUG Engine               - fontUI: VarelaRound-Regular.ttf
12:59:01.293 [FXGL Background Thread 2 ] DEBUG Engine               - fullScreen: BooleanProperty [value: false]
12:59:01.293 [FXGL Background Thread 2 ] DEBUG Engine               - gameDifficulty: MEDIUM
12:59:01.293 [FXGL Background Thread 2 ] DEBUG Engine               - gameDifficultyProperty: ObjectProperty [value: MEDIUM]
12:59:01.293 [FXGL Background Thread 2 ] DEBUG Engine               - globalMusicVolume: 0.5
12:59:01.294 [FXGL Background Thread 2 ] DEBUG Engine               - globalMusicVolumeProperty: DoubleProperty [value: 0.1]
12:59:01.294 [FXGL Background Thread 2 ] DEBUG Engine               - globalSoundVolume: 0.5
12:59:01.294 [FXGL Background Thread 2 ] DEBUG Engine               - globalSoundVolumeProperty: DoubleProperty [value: 0.5]
12:59:01.294 [FXGL Background Thread 2 ] DEBUG Engine               - height: 480
12:59:01.294 [FXGL Background Thread 2 ] DEBUG Engine               - isAndroid: false
12:59:01.294 [FXGL Background Thread 2 ] DEBUG Engine               - isBrowser: false
12:59:01.294 [FXGL Background Thread 2 ] DEBUG Engine               - isClickFeedbackEnabled: false
12:59:01.294 [FXGL Background Thread 2 ] DEBUG Engine               - isCloseConfirmation: false
12:59:01.294 [FXGL Background Thread 2 ] DEBUG Engine               - isDesktop: true
12:59:01.294 [FXGL Background Thread 2 ] DEBUG Engine               - isDeveloperMenuEnabled: false
12:59:01.294 [FXGL Background Thread 2 ] DEBUG Engine               - isEntityPreloadEnabled: true
12:59:01.294 [FXGL Background Thread 2 ] DEBUG Engine               - isExperimental3D: false
12:59:01.294 [FXGL Background Thread 2 ] DEBUG Engine               - isExperimentalNative: false
12:59:01.294 [FXGL Background Thread 2 ] DEBUG Engine               - isExperimentalTiledLargeMap: false
12:59:01.294 [FXGL Background Thread 2 ] DEBUG Engine               - isFileSystemWriteAllowed: true
12:59:01.294 [FXGL Background Thread 2 ] DEBUG Engine               - isFullScreenAllowed: false
12:59:01.294 [FXGL Background Thread 2 ] DEBUG Engine               - isFullScreenFromStart: false
12:59:01.295 [FXGL Background Thread 2 ] DEBUG Engine               - isGameMenuEnabled: true
12:59:01.295 [FXGL Background Thread 2 ] DEBUG Engine               - isIOS: false
12:59:01.295 [FXGL Background Thread 2 ] DEBUG Engine               - isIntroEnabled: false
12:59:01.295 [FXGL Background Thread 2 ] DEBUG Engine               - isLinux: false
12:59:01.295 [FXGL Background Thread 2 ] DEBUG Engine               - isMac: false
12:59:01.295 [FXGL Background Thread 2 ] DEBUG Engine               - isMainMenuEnabled: true
12:59:01.295 [FXGL Background Thread 2 ] DEBUG Engine               - isManualResizeEnabled: false
12:59:01.295 [FXGL Background Thread 2 ] DEBUG Engine               - isMobile: false
12:59:01.295 [FXGL Background Thread 2 ] DEBUG Engine               - isPreserveResizeRatio: false
12:59:01.295 [FXGL Background Thread 2 ] DEBUG Engine               - isProfilingEnabled: false
12:59:01.295 [FXGL Background Thread 2 ] DEBUG Engine               - isScaleAffectedOnResize: true
12:59:01.295 [FXGL Background Thread 2 ] DEBUG Engine               - isSingleStep: false
12:59:01.295 [FXGL Background Thread 2 ] DEBUG Engine               - isUserProfileEnabled: false
12:59:01.296 [FXGL Background Thread 2 ] DEBUG Engine               - isWindows: true
12:59:01.296 [FXGL Background Thread 2 ] DEBUG Engine               - language: ObjectProperty [value: ENGLISH]
12:59:01.296 [FXGL Background Thread 2 ] DEBUG Engine               - menuKey: ESCAPE
12:59:01.296 [FXGL Background Thread 2 ] DEBUG Engine               - notificationViewClass: class com.almasb.fxgl.notification.view.XboxNotificationView
12:59:01.296 [FXGL Background Thread 2 ] DEBUG Engine               - pixelsPerMeter: 50.0
12:59:01.296 [FXGL Background Thread 2 ] DEBUG Engine               - platform: WINDOWS
12:59:01.296 [FXGL Background Thread 2 ] DEBUG Engine               - prefHeightProperty: ReadOnlyDoubleProperty [value: 480.0]
12:59:01.296 [FXGL Background Thread 2 ] DEBUG Engine               - prefWidthProperty: ReadOnlyDoubleProperty [value: 480.0]
12:59:01.296 [FXGL Background Thread 2 ] DEBUG Engine               - profileDir: profiles/
12:59:01.296 [FXGL Background Thread 2 ] DEBUG Engine               - profileName: StringProperty [value: DEFAULT]
12:59:01.296 [FXGL Background Thread 2 ] DEBUG Engine               - randomSeed: -1
12:59:01.296 [FXGL Background Thread 2 ] DEBUG Engine               - runtimeInfo: RuntimeInfo(platform=WINDOWS, version=11.14, build=01.03.2021 16.59)
12:59:01.296 [FXGL Background Thread 2 ] DEBUG Engine               - saveFileExt: sav
12:59:01.296 [FXGL Background Thread 2 ] DEBUG Engine               - scaledHeightProp$fxgl: DoubleProperty [bound, value: 480.0]
12:59:01.297 [FXGL Background Thread 2 ] DEBUG Engine               - scaledWidthProp$fxgl: DoubleProperty [bound, value: 480.0]
12:59:01.297 [FXGL Background Thread 2 ] DEBUG Engine               - sceneFactory: com.almasb.fxglgames.covidfighter.CovidFighterApp$MySceneFactory@7593c670
12:59:01.297 [FXGL Background Thread 2 ] DEBUG Engine               - secondsIn24h: 60
12:59:01.297 [FXGL Background Thread 2 ] DEBUG Engine               - soundMenuBack: menu/back.wav
12:59:01.297 [FXGL Background Thread 2 ] DEBUG Engine               - soundMenuPress: menu/press.wav
12:59:01.297 [FXGL Background Thread 2 ] DEBUG Engine               - soundMenuSelect: menu/select.wav
12:59:01.297 [FXGL Background Thread 2 ] DEBUG Engine               - soundNotification: core/notification.wav
12:59:01.297 [FXGL Background Thread 2 ] DEBUG Engine               - stageStyle: DECORATED
12:59:01.297 [FXGL Background Thread 2 ] DEBUG Engine               - supportedLanguages: [ENGLISH, FRENCH, GERMAN, HUNGARIAN, RUSSIAN]
12:59:01.297 [FXGL Background Thread 2 ] DEBUG Engine               - ticksPerSecond: -1
12:59:01.297 [FXGL Background Thread 2 ] DEBUG Engine               - title: Covid Fighter
12:59:01.297 [FXGL Background Thread 2 ] DEBUG Engine               - urlGithub: https://github.com/AlmasB/FXGL
12:59:01.297 [FXGL Background Thread 2 ] DEBUG Engine               - urlLeaderboard: http://fxgl-top.herokuapp.com/
12:59:01.297 [FXGL Background Thread 2 ] DEBUG Engine               - urlPOM: https://raw.githubusercontent.com/AlmasB/FXGL/release/README.md
12:59:01.297 [FXGL Background Thread 2 ] DEBUG Engine               - userAppClass: class com.almasb.fxglgames.covidfighter.CovidFighterApp
12:59:01.297 [FXGL Background Thread 2 ] DEBUG Engine               - version: 0.0.5
12:59:01.297 [FXGL Background Thread 2 ] DEBUG Engine               - versionCheckDays: 7
12:59:01.297 [FXGL Background Thread 2 ] DEBUG Engine               - width: 480
12:59:01.297 [FXGL Background Thread 2 ] DEBUG Engine               - Logging services
12:59:01.297 [FXGL Background Thread 2 ] DEBUG Engine               - class com.almasb.fxgl.app.services.FXGLAssetLoaderService
12:59:01.297 [FXGL Background Thread 2 ] DEBUG Engine               - class com.almasb.fxgl.app.FXGLApplication$GameApplicationService
12:59:01.297 [FXGL Background Thread 2 ] DEBUG Engine               - class com.almasb.fxgl.app.services.FXGLDialogService
12:59:01.297 [FXGL Background Thread 2 ] DEBUG Engine               - class com.almasb.fxgl.app.services.IOTaskExecutorService
12:59:01.297 [FXGL Background Thread 2 ] DEBUG Engine               - class com.almasb.fxgl.event.EventBusService
12:59:01.298 [FXGL Background Thread 2 ] DEBUG Engine               - class com.almasb.fxgl.io.FileSystemService
12:59:01.298 [FXGL Background Thread 2 ] DEBUG Engine               - class com.almasb.fxgl.localization.LocalizationService
12:59:01.298 [FXGL Background Thread 2 ] DEBUG Engine               - class com.almasb.fxgl.app.services.SystemBundleService
12:59:01.298 [FXGL Background Thread 2 ] DEBUG Engine               - class com.almasb.fxgl.profile.SaveLoadService
12:59:01.298 [FXGL Background Thread 2 ] DEBUG Engine               - class com.almasb.fxgl.ui.FXGLUIFactoryServiceProvider
12:59:01.298 [FXGL Background Thread 2 ] DEBUG Engine               - class com.almasb.fxgl.ui.FXGLDialogFactoryServiceProvider
12:59:01.298 [FXGL Background Thread 2 ] DEBUG Engine               - class com.almasb.fxgl.audio.AudioPlayer
12:59:01.298 [FXGL Background Thread 2 ] DEBUG Engine               - class com.almasb.fxgl.notification.impl.NotificationServiceProvider
12:59:01.299 [FXGL Background Thread 2 ] DEBUG Engine               - class com.almasb.fxgl.achievement.AchievementService
12:59:01.299 [FXGL Background Thread 2 ] DEBUG Engine               - class com.almasb.fxgl.cutscene.CutsceneService
12:59:01.299 [FXGL Background Thread 2 ] DEBUG Engine               - class com.almasb.fxgl.minigames.MiniGameService
12:59:01.299 [FXGL Background Thread 2 ] DEBUG Engine               - class com.almasb.fxgl.net.NetService
12:59:01.299 [FXGL Background Thread 2 ] DEBUG Engine               - class com.almasb.fxgl.app.services.UpdaterService
12:59:01.299 [FXGL Background Thread 2 ] DEBUG Engine               - class com.almasb.fxgl.dev.DevService
12:59:03.628 [JavaFX Application Thread] DEBUG FXGLApplication      - Exiting FXGL
12:59:03.628 [JavaFX Application Thread] DEBUG LoopRunner           - Stopping loop
12:59:03.628 [JavaFX Application Thread] DEBUG SystemBundleService  - Saving FXGL system data
12:59:03.630 [JavaFX Application Thread] DEBUG FileSystemAccess     - Writing to: E:\TRUECSPROJECTFOLDER\CS2340_CovidGame\CovidFighter\system\fxgl.bundle
12:59:03.632 [JavaFX Application Thread] DEBUG Async                - Shutting down background threads
12:59:03.632 [JavaFX Application Thread] DEBUG PrimaryStageWindow   - Closing main window
12:59:03.643 [JavaFX Application Thread] DEBUG Logger               - Closing Logger
